4 296 32 124 175
3 168 207 20
5 108 24 109 248 270
3 161 187 223
3 75 287 189
3 13 253 155
2 164 206
2 127 16
4 87 79 258 176
3 34 191 272
5 95 263 239 48 215
4 221 158 138 9
3 80 243 257
3 184 101 55
5 103 200 102 195 178
3 234 128 35
3 110 174 205
4 85 204 26 152
4 294 56 119 231
4 41 245 254 265
2 72 266
4 275 96 163 208
2 7 78
5 62 188 64 90 30
2 249 219
2 148 31
3 290 269 229
3 281 237 251
4 212 202 22 130
3 259 235 149
4 99 230 5 173
3 133 57 142
2 136 252
4 92 267 23 194
3 4 139 183
3 58 50 47
3 203 3 242
4 210 40 298 153
3 8 111 51
3 260 131 115
5 167 179 232 147 233
3 107 81 280
3 88 185 228
4 105 217 89 123
4 273 114 45 66
3 134 29 135
2 159 59
3 162 283 274
3 193 61 240
2 224 126
3 113 70 84
3 36 116 43
2 227 289
2 276 98
2 65 104
2 218 262
2 156 293
3 171 160 49
3 15 282 182
3 180 261 106
2 209 69
3 220 6 2
4 60 190 199 46
3 19 295 132
5 216 226 172 222 238
4 246 241 93 186
2 74 250
2 125 67
5 21 28 268 118 100
2 14 279
3 144 271 192
2 150 288
3 198 117 37
3 33 140 77
2 285 12
2 170 297
2 44 255
3 121 25 278
3 214 197 151
3 137 236 141
2 63 1
3 68 83 211
5 54 38 166 10 165
3 0 225 181
3 39 86 94
2 286 71
2 213 196
3 299 157 97
2 91 292
3 277 76 247
1 256
2 18 112
2 201 169
2 27 154
3 284 11 120
3 146 291 17
2 82 145
3 129 73 264
2 177 143
3 244 42 52
