16 5137 769 5686 5034 1013 4636 4624 9682 2037 3058 4632 8391 269 7079 2227 859
11 2581 6265 252 883 3406 3365 5450 4290 18 4364 579
7 9504 9078 2535 3810 4468 3298 763
14 7005 3292 6420 2882 3368 127 3282 2705 3800 9415 8404 451 1147 653
14 9256 1543 5472 3317 3261 5962 34 5810 4373 17 7377 4768 163 535
15 7270 222 6746 6967 8447 5498 6416 1766 793 1617 8281 1390 2349 4273 2508
18 7936 1528 3840 5406 8671 1100 6809 9429 9481 8179 4493 6940 4397 350 1219 6914 3959 6289
11 8890 8559 8105 1243 3293 8224 2423 6990 4402 4311 1680
14 4829 7975 711 4150 1791 516 4521 7330 9028 1964 5178 631 2251 2170
13 1900 4939 2233 2649 1907 217 367 8381 2727 4079 7828 4269 4783
12 3654 6189 3667 8471 1520 5053 1482 3095 3920 8084 9756 295
6 9121 3112 2611 4065 9509 5633
8 2418 1620 2801 213 4183 7991 1118 1624
17 1178 9523 5241 5409 4087 2118 6699 4372 6800 5052 9665 6798 8067 5786 4548 7295 1456
8 7468 4205 9903 1329 2046 6847 8202 5894
16 9913 84 4693 3170 76 5466 7004 6910 7101 7982 2473 6114 7056 2656 8718 1038
10 203 6711 3973 754 1988 7265 9893 7170 4275 638
6 8227 9151 7788 5392 8837 6479
7 8578 3103 9418 2040 5033 2976 73
14 4679 6115 6698 8955 617 2542 5260 6561 6100 6343 6845 5401 430 899
20 48 1655 7677 8484 5089 1553 9450 91 9262 9537 3160 8134 3765 7962 126 3161 7280 625 3356 8352
18 7913 5113 3564 7428 9303 7763 2601 2754 5537 9299 1165 5107 9001 6640 1049 5789 7095 5637
16 2009 8188 212 7576 9156 6379 8620 2128 130 5706 1388 5155 8975 2354 5508 1202
9 7227 3542 9812 6386 2394 3280 2372 3335 7261
14 9550 157 9207 2293 5866 870 8244 7461 2739 8457 1882 9808 1019 70
9 7716 7040 6929 198 1802 2624 3641 5494 2289
9 5991 6767 5670 2201 891 1481 9895 424 998
15 6039 4984 1324 3583 3271 8550 11 5088 2562 3102 3677 3998 4236 7052 7667
6 9459 315 9674 1641 2294 664
12 3580 7186 9402 7759 8190 69 2072 7628 5369 354 1844 9553
7 666 3067 3807 3157 3722 3709 9342
17 8711 8787 7226 7920 2835 2899 5453 7455 6043 4547 1954 7607 3131 4752 3488 3229 406
7 2718 6865 5617 6050 5832 4251 8778
16 303 1332 7816 5967 8182 6200 5626 7631 9983 7179 9578 5105 7671 4745 9840 465
10 3647 6023 7949 2146 4168 4182 8095 8765 3256 4425
3 9927 3992 1226
12 1874 2566 8257 7769 7812 4777 5909 5984 7658 576 6621 5463
11 2384 6139 2602 8335 6887 4596 1231 3581 4240 1085 86
9 2176 7171 6234 2950 2527 8107 5325 6112 3128
14 8773 273 3636 5803 9985 6061 468 9098 1759 3600 3718 8623 2073 1006
22 7318 9888 6502 8370 4872 2675 4875 313 3754 3016 9407 7648 2948 5511 8627 8064 2283 9814 9241 796 5274 1043
14 445 5693 3746 1864 8664 9433 9453 4722 1533 6899 6105 8724 8282 2521
11 8965 9549 9512 8297 8643 5556 7033 2995 5316 1849 6351
4 7325 7535 8929 1462
9 837 9613 9273 1735 364 5827 4862 1570 1173
9 7804 1407 490 6346 6510 1166 75 5664 731
3 1192 5441 573
19 7862 9393 2838 5335 225 7188 5764 6523 5279 4293 680 9150 8228 5106 6075 6892 2894 9257 7238
15 5649 3951 6618 5782 7381 2805 4828 3164 6483 8651 3577 8815 1846 6317 4122
16 6912 8406 6984 9628 4117 7009 6669 9420 4001 2150 4480 8757 6564 1280 471 443
13 3147 7141 7232 2079 7266 4990 9103 1255 4007 5919 3694 5138 925
21 7952 864 6208 1372 300 8653 9574 8731 9321 7312 2645 5042 6572 5590 919 1334 9148 3106 1581 1379 8808
7 4467 4056 7140 5780 1197 3359 3346
6 8071 6803 8141 9369 421 2188
14 7347 615 183 3593 6802 6299 4351 2392 312 6553 188 6233 304 626
14 563 1515 3686 7384 278 2740 9110 6704 4590 3315 2598 5831 6819 1230
10 7575 2464 286 4166 7213 2763 3019 8398 1347 748
16 4839 5995 2673 5902 1838 6498 9649 6129 814 123 5251 1728 9095 6005 8891 220
11 6321 3616 4137 5532 4638 8344 9280 5121 9332 2595 176
7 8967 3640 4864 9007 6423 9126 2185
10 6879 922 7098 8844 9093 798 5813 2692 1720 4142
8 719 6412 1970 164 5172 4628 7506 1411
8 6252 7075 2264 2811 4032 1476 1488 6
10 3321 502 2561 5013 4999 8845 7469 7408 9764 1136
11 9349 8198 6793 6408 7850 1279 7803 5233 7526 6748 8069
6 306 2291 4375 1467 4118 108
4 5983 9158 8340 2298
9 7444 6762 2923 2199 528 8442 2864 7831 392
16 9864 2531 439 6652 6649 6041 1524 6908 4164 9435 6383 5428 7706 5581 1751 5474
14 8758 3253 2883 5598 4088 3167 9842 5425 2927 2791 233 9242 879 8507
13 5332 1530 2397 5495 2745 105 6232 7835 314 858 9331 8556 2321
16 268 867 9364 4072 6078 6708 2501 8293 7790 4440 9422 5365 9683 5109 5900 7251
10 3358 718 5427 3768 9535 8491 2034 6941 8517 3417
12 1002 8055 9790 9112 250 7037 8248 6697 5759 609 4504 247
5 4411 9022 8341 1 4678
9 1146 4720 6134 6178 1957 6627 9338 9217 5333
11 3608 4090 561 3704 3813 1765 6891 7821 3094 26 6933
13 3362 9846 4663 2228 2495 3738 71 2877 3942 2631 327 2010 5068
14 7346 6307 7799 2539 6565 7231 6336 3846 8032 547 3312 6016 5571 840
17 9675 6466 463 2207 47 9072 399 7849 889 6167 6801 7910 2749 5928 6661 4479 1301
13 1803 8203 8816 1348 622 6414 1918 4486 912 5750 3254 1164 7481
11 7013 4307 6816 2407 4107 7747 5755 5671 1486 7670 6931
15 2297 2603 2622 4782 428 1715 8961 6077 1608 3519 1969 6760 3383 9399 8941
8 3381 7246 8348 3178 1712 1333 8137 3080
7 1319 2439 1358 9958 8966 4295 5666
22 4435 3176 9976 6985 3891 4115 2711 7877 3190 6280 1799 8984 9671 7344 9630 5181 5330 8172 4333 7303 6295 8877
7 3708 9306 7922 4686 5562 1940 160
8 2412 5367 470 5839 8043 3734 9168 4057
14 7329 7019 6101 9175 8103 3342 5558 2295 1819 581 3304 3703 9977 966
10 873 5189 1861 5219 8772 600 2290 7571 31 6176
11 9925 9276 8469 1754 791 4009 2985 3405 371 4218 1107
18 6150 5424 986 435 6182 5300 7558 3092 293 9043 7749 5341 1171 9091 8264 594 5735 2563
19 2147 6474 1189 3122 3779 8434 6550 8266 3216 2025 484 4096 8011 9500 6224 3186 197 5118 3662
16 1992 8518 5299 8800 7445 5933 4705 1340 2702 7090 9748 3516 6014 7818 2249 5270
5 8670 2784 4805 6238 2503
17 3578 3329 832 7931 8368 8033 5583 716 9101 4359 9232 9353 6341 1618 9746 5147 1174
13 1335 6197 5557 8950 1724 9870 9081 2549 258 4010 9818 5778 1003
6 9249 7662 8828 6187 3787 8690
9 4520 6633 3429 8010 5019 9826 8859 401 165
10 1209 1863 2954 6808 9030 4317 6829 8197 2623 2090
15 7196 3976 8882 3721 4869 8551 3907 6245 215 2466 940 3062 6046 6445 1247
13 7957 6319 3789 970 732 6357 7153 4516 5910 7244 9775 1822 603
16 8703 241 656 1843 5809 4282 9421 2470 5134 2662 2780 3272 5236 3248 8707 1095
8 7464 3326 6171 4073 4774 538 5676 302
15 4214 3197 938 4113 6512 8099 5802 984 9218 9434 8626 778 3244 393 729
17 6724 6807 6304 5086 3375 6519 5794 6059 5622 9880 2810 3784 4975 9170 341 9644 747
20 8292 3409 7134 7704 5193 1263 9065 1584 2319 6756 2854 2850 8494 8822 6720 4573 7518 4697 4909 667
11 4717 7118 2395 4441 8542 8673 3363 7560 3957 411 587
9 9763 6462 8041 9169 534 6992 2064 8527 611
12 1978 7253 6718 7554 3029 6537 6634 6218 2089 4420 4114 845
21 7314 1830 7864 7663 6199 5507 9505 7787 1873 8827 9694 5915 1396 2476 5186 2047 640 1014 3715 7202 2318
9 5371 2972 3374 9295 1268 1824 7744 7242 2169
14 5721 3025 672 2241 780 5021 5080 2484 5338 2721 2647 1588 4418 7720
19 6403 2917 2695 8338 8243 4104 6818 1942 5838 2284 1828 7750 4033 4449 4559 184 648 5364 758
13 6135 3236 4894 88 9026 4405 8200 1816 1678 4997 7297 6509 722
12 7355 4143 8296 2285 9687 6284 1016 2087 5215 7131 8541 1677
16 1993 4377 7654 7401 3314 4558 1177 4046 9498 8549 2364 7106 3144 324 4753 623
11 3291 5868 1050 114 5484 5396 9258 3561 4737 2847 321
16 6913 9109 3513 9409 2867 4643 6752 5201 230 979 9322 4306 6427 9231 205 7257
19 6694 8351 2465 2578 5899 6526 5213 7209 7316 2179 481 6297 5992 2906 427 4161 466 9431 7350
21 311 7475 4713 9291 6476 7103 7811 7078 541 2498 155 5639 3803 5066 7328 602 1148 4785 8168 3059 6624
18 3257 853 5516 8652 4481 7903 3054 8298 352 3961 808 4655 9594 3594 2575 4672 932 737
19 3156 9625 8262 513 9705 4078 7924 2234 9640 5603 8835 9153 9686 7945 2435 8810 8110 6522 750
17 8184 9768 348 9836 9270 6161 9930 2924 9547 4334 9385 2095 8858 8860 3892 7402 8613
16 3527 2106 856 6172 550 1644 4496 3940 543 5027 1457 6270 5298 4500 9384 3558
16 854 3188 823 5184 3295 7546 152 1770 8811 3592 8256 4126 139 5630 3671 900
14 1492 2722 9823 3524 5844 2142 5733 9758 7486 9529 6443 4231 5505 1089
11 1138 1113 3439 5554 1491 2377 128 2206 1563 5229 1718
13 4048 8681 7176 6882 8562 6778 4053 9302 822 2629 8405 3872 1663
17 6031 1305 7471 4494 3958 8585 9929 219 9945 4810 7930 9597 8735 6482 5720 4923 1958
16 2296 1273 4907 141 6662 724 3461 1913 2694 904 8661 1943 2545 3690 6612 1120
24 7320 9255 6457 117 1054 8059 3830 6132 9316 1257 704 2107 9272 4758 3049 8650 5132 6947 5509 9624 3728 6576 1418 1425
10 7373 1866 9483 1078 8790 110 3283 5591 6959 226
13 4450 4873 4264 1186 2760 1525 3502 2088 9266 593 1205 5002 49
10 2751 7120 3915 5851 9989 9984 4498 4261 2097 195
7 310 3547 595 4620 7517 8880 5461
11 1529 2074 4893 1916 4391 1582 570 8751 2752 6955 1055
18 6794 2385 2963 4021 2008 7456 9729 9246 5779 7466 1945 5921 9047 776 4 9323 5280 906
14 8024 8150 3199 1537 1779 7619 8039 5255 2918 3868 1270 1586 6545 8468
14 7293 6695 9698 1568 6946 9633 6181 4629 8307 642 420 3898 7977 2604
17 1269 6783 4767 4615 338 199 965 6116 8916 1985 6325 2378 3001 5657 4606 7161 7138
18 6745 6916 6742 3276 266 8432 275 760 2712 3794 6225 4934 4946 9873 1044 4165 8523 795
9 8509 1986 9031 8505 8864 7080 7122 486 1881
17 1664 2477 7569 1223 3885 833 5748 223 5211 9728 7462 7740 7225 9373 255 2454 148
18 2112 7692 4511 772 1109 9679 9912 5540 5124 1266 9268 9062 3506 8983 3597 6306 6573 2130
11 1208 3057 6678 2368 2340 3385 654 4769 9616 9555 2103
8 4184 1627 723 1789 5951 2460 8218 2858
23 5018 1363 7104 7230 4344 5218 1862 1142 9180 5710 5579 8492 2274 8030 6219 6180 5564 4179 1214 6830 2683 1210 7112
20 6654 1443 7041 6836 2661 7687 5757 9015 9114 1796 6605 686 3756 4238 952 3878 6028 5834 1127 797
14 499 2696 8590 2323 6308 2990 330 5379 999 9697 1661 2795 7702 479
7 4528 4930 5258 9540 9010 7136 6595
4 7109 5553 8605 936
14 9216 3821 9401 3410 2174 8804 4347 741 4495 9987 9886 6744 9562 1082
14 9581 1867 658 2920 1676 6541 5394 4992 3496 2387 1749 2970 7530 4281
5 2015 7613 7536 7436 1076
19 1815 3632 5205 7499 3531 2992 6884 1271 8970 405 3360 4470 186 5863 9949 1669 5431 3591 2255
15 1206 511 9192 3065 720 2505 9018 7923 6117 1797 736 5022 9942 5918 3576
8 1023 7148 5993 1321 3242 8647 4925 204
16 9449 1315 1912 415 9038 3802 4396 7502 5525 3828 5914 9040 5470 5964 6723 1972
17 7379 1869 7263 6630 1252 1852 7958 7086 4851 4964 309 7055 6108 4976 1487 5162 1134
10 6740 1447 7430 3294 119 7647 5756 7707 4736 7388
11 9702 4346 6244 5970 8520 876 216 1785 8418 7955 2175
17 9084 1046 4421 3420 7693 8840 3073 2885 3053 3228 4060 5908 1331 8476 3091 8061 361
14 8204 9238 494 3798 8214 2831 4835 3428 6578 2344 9154 2475 1576 398
15 3739 8586 7861 8326 751 1804 81 5765 6083 4025 8533 5320 6827 5774 6676
16 211 2536 64 5304 4200 4195 4154 1106 7679 1932 3472 8355 9493 3609 6230 224
11 2056 8158 1311 5465 2140 1774 3866 6515 2058 944 5150
20 8271 7512 9003 3855 9497 4704 3596 8698 6689 7882 947 4658 2299 1539 5430 3389 4081 454 1216 390
9 6735 3549 8962 277 892 1067 907 2136 2389
5 4687 6399 8902 6377 9083
20 9503 5227 3200 2275 5746 8940 196 5473 8007 5308 6020 2682 4482 9479 8600 3980 2195 5204 5373 7054
15 7088 137 2910 254 1496 6378 4858 2668 449 1675 7652 4579 1077 140 79
15 4352 4455 3477 3453 4058 9629 2640 1640 9471 6543 2643 5148 4075 7869 5157
19 3988 507 7691 8637 8715 4196 674 1030 5222 7250 8496 2757 5206 9755 3268 1395 8927 9391 1244
15 39 816 4866 949 473 5849 442 5168 9315 2222 4928 7473 1990 6911 54
21 3457 2126 1557 4959 3203 9406 6012 5881 4300 987 9410 512 8129 7326 7895 8579 7478 7981 2347 1659 9786
11 3371 6641 3566 636 5708 1591 2350 9528 7584 5683 6294
15 8102 9199 3196 6026 3045 365 1879 4694 346 7827 4950 9609 4771 2139 868
18 3557 568 9202 6843 9035 8229 5847 5815 2942 9963 6262 515 9519 4226 6007 6266 395 9131
17 5437 902 2657 2270 7830 3470 3747 518 7177 2991 4051 5871 185 5207 7151 556 336
15 9901 6000 8624 3952 643 8481 5610 875 8702 8769 3070 9656 2259 6315 207
18 190 5510 8445 2216 8425 5060 2006 7561 5017 9651 5307 5221 4589 7538 8931 4097 3702 7979
19 5517 8557 961 8146 32 6247 3685 1217 3451 4043 25 4616 6157 2965 5677 4702 7126 7358 2554
20 825 9071 9411 3541 2973 1550 2686 9286 3991 5464 6268 4345 9579 5932 5752 4517 9365 2638 2886 1892
6 3193 8274 1716 4838 6671 3863
9 3729 7064 8742 8513 5732 5643 5634 8581 12
5 8306 9917 7032 2069 1837
17 9011 2731 775 4855 4586 2167 951 4499 6567 1428 5997 5940 6837 7660 4993 5814 669
15 3693 5192 194 5486 8247 5904 5963 5297 7511 4061 5462 783 6177 3929 182
15 3471 4885 530 8486 9761 3050 7525 1041 5187 7802 8498 1959 6027 301 3850
6 9267 5751 8128 3732 5091 9367
11 6228 4733 7477 4826 4863 1024 2455 9482 9225 8571 7132
12 7229 6387 7298 3782 9236 1298 9695 2405 3235 9307 3002 2594
8 5497 7255 6751 8640 7453 1072 2593 1156
18 1194 6822 423 4980 4594 4877 843 6625 8094 2944 8851 5922 7618 7839 221 5458 6981 1157
15 4094 7392 98 6159 5238 3072 505 5660 4202 7646 8358 5645 5773 7725 1732
11 2881 3051 380 5500 5861 506 2415 1922 1464 6229 2280
4 7438 6864 3760 9848
17 3758 5358 3648 4544 8194 2366 4128 1871 5520 3232 9975 9904 2500 189 129 5024 5354
16 7198 2122 9478 4003 8009 2596 657 1477 6549 3142 1073 4357 1354 2197 662 263
17 2735 8848 1757 4833 61 627 7588 5503 2414 5220 7674 3194 2137 2616 613 8552 3380
21 7557 6849 3605 3651 5576 5477 1326 2327 1412 4937 458 1469 8258 9372 2726 3995 3192 2218 8386 4506 1149
21 920 5856 9670 9952 3622 5712 6893 6201 6989 7361 1235 9135 3599 1556 3777 4856 2925 7233 8714 5819 1185
16 8342 3905 9576 7843 9813 5093 6332 6738 4100 8408 1028 2723 1927 2155 3126 1662
12 8587 7296 5143 8426 639 8438 2093 6880 7483 3240 13 1731
11 7553 9514 3146 1994 1778 6337 8183 5989 8255 5253 764
17 7108 1609 7234 6670 2115 2634 2116 5411 3351 1432 1039 5761 45 2083 2823 1764 976
20 8458 208 4194 9128 8609 2809 3947 6596 5879 6898 5169 2557 6309 4131 4524 3548 5846 7084 8508 1020
14 9851 8444 2061 2648 7394 9566 9874 552 7351 384 450 8488 3415 3837
14 1433 4285 3487 6897 8359 8881 6506 4312 7583 1795 9936 8076 36 888
20 7585 8795 3068 8642 9610 2585 4969 4223 7941 4749 150 8988 6298 9447 253 9155 8387 5170 298 4324
14 533 4034 3585 5678 1997 2797 9658 7164 5729 880 569 8867 323 7268
14 9090 7319 1160 2181 7065 5837 2776 4093 3650 6868 4201 4230 9560 1092
12 3311 2444 3510 4136 4584 7635 4915 8836 9883 5117 3804 1558
18 6765 6402 2828 6942 9037 1414 6615 7193 3454 2214 5350 7532 7421 7970 9596 3719 5696 557
20 3333 2748 6216 7342 422 5636 9623 9513 5860 8798 4830 8016 8325 3674 4254 6391 103 6664 3198 143
7 1143 5885 6243 1656 8935 6499 2182
13 6293 8989 172 9182 8799 4111 8534 3476 3163 1108 331 592 5011
12 7383 4204 2636 4453 5327 3143 4287 5419 4216 3497 5607 1083
16 2774 5674 5955 9134 8631 138 1211 3433 5864 8294 4533 5589 3567 7888 4735 980
19 6053 8614 8435 2941 9282 4882 5698 285 3901 482 2016 2713 903 1253 5943 6936 8162 7577 383
22 3743 8410 629 6924 2245 802 4653 6198 1282 409 1218 3553 9480 9777 5329 2336 5667 2339 8295 9413 7083 5718
11 5377 4070 3052 3509 9689 735 1187 9494 5673 7221 1191
12 6222 7709 5161 8820 6085 6648 3757 7871 8065 4419 4859 1404
8 1040 4944 9751 3663 3267 9346 4436 8893
13 5679 3615 7823 8413 2680 9092 6038 1184 3587 360 7959 8467 1966
24 6456 6110 4854 9140 7837 3579 7224 4206 9838 2250 8785 5701 8833 3432 8511 1017 2478 7262 1025 3015 5930 1974 1643 805
11 4080 3325 6971 6188 4585 9186 1033 5397 4199 4518 3809
21 9935 6003 6305 9731 1784 2453 7901 2260 8806 3839 6165 9636 9403 1737 5135 7944 7755 264 2469 2666 1150
16 7911 5593 8449 2641 9526 168 2320 9923 8599 3590 4543 407 2733 3624 7718 2049
9 6239 3972 7465 8470 6029 7770 5600 1027 2191
12 6548 4555 7668 7397 851 8250 5114 4431 2003 2192 8701 1619
11 400 624 6062 318 4892 4461 2446 9660 8180 1982 1547
15 5090 7010 5713 444 8956 7102 865 1365 3061 5830 6146 7423 3642 9117 316
20 6004 1835 7116 7406 9087 1010 8506 607 3845 7629 8796 6970 1328 1065 4084 2489 491 6107 9253 690
15 8878 8329 6804 1176 6969 3793 1981 6213 379 8074 9240 9807 3551 4019 605
16 7020 4637 3024 9345 6381 8747 9538 1527 1494 1755 8035 9376 1647 9132 2541 5344
23 768 8630 7434 4842 7889 7988 4063 1897 1062 1534 2244 8748 5650 838 3089 4800 7939 4030 5546 1262 7315 4813 9971
6 6076 8566 3826 4605 3696 9841
17 4836 6438 1406 8782 7916 7810 1330 2714 8750 1493 1342 5945 1289 7413 3835 8372 4554
18 3444 8104 1066 753 6024 3986 1689 239 1051 3114 9348 6866 434 5378 1155 6145 7722 7954
7 5317 8111 9245 9953 675 4350 1336
12 5426 9104 4302 2928 3921 209 1459 8394 7905 333 6769 1437
21 4255 3281 2934 3426 2292 248 4327 4888 646 6839 916 3083 8339 3022 1236 8743 2871 16 1161 6465 2252
13 9869 9164 6206 109 5738 7479 7195 6894 440 6988 3265 3956 632
19 6645 3468 9890 849 6248 4938 8682 4947 839 3339 4582 87 9516 8974 5242 4000 9308 4631 131
17 8792 19 8736 1200 5727 4706 4601 5719 1170 43 3689 9582 4272 9059 9591 6715 7302
16 8167 830 4139 9830 5663 9815 6450 618 3495 326 9718 1034 9310 8356 1736 2361
9 3017 9436 8761 4608 3767 8472 3243 4210 526
18 8978 4414 7494 4914 4724 8737 8801 2543 3425 2355 7014 5870 4092 2154 388 2966 1383 9558
16 2981 8118 5907 2121 9355 7665 6149 2085 6682 2759 9957 1490 4427 705 571 706
12 2717 4536 7048 7515 5700 9167 4607 9055 4004 8082 9210 1701
18 3030 700 5324 328 6780 1267 1286 1314 5041 4343 8475 5164 4963 1792 1683 4448 4401 181
26 6410 5717 3546 8236 7690 2577 92 1605 4781 6580 8739 1700 6920 7365 1316 7960 4845 8399 806 5447 9861 5322 3113 8683 7404 2224
7 3168 7884 4355 2781 1695 1246 9717
17 8699 6903 6706 1565 4074 6392 3466 8502 8246 1965 969 3085 7653 8568 3100 9750 910
16 8038 8207 2220 9681 1198 1275 3919 2676 9445 9064 574 6651 8919 2728 7410 7405
22 4848 6710 9485 5690 9166 159 4328 3249 9265 6749 2402 8768 3173 8077 2263 517 9006 2779 5845 8451 8454 1277
16 1773 6121 5237 1521 5699 2230 74 1561 2580 7940 5747 9157 3854 7896 8090 7189
16 881 381 9394 6173 3044 5990 7870 3970 7933 894 8969 6852 460 7484 8561 3455
15 378 9806 9362 8395 6597 2031 9866 7212 931 9762 2980 2481 4288 566 1577
19 7768 2507 8323 9466 7211 957 9002 3482 7415 7636 7724 6155 1875 7275 9732 8756 4458 3023 480
18 4948 9020 7162 1710 8376 8042 5208 7645 9190 6407 244 267 5343 9386 6646 1893 712 231
17 7429 1697 1635 3692 6815 633 8555 2912 9743 2639 9617 5182 3403 7779 3191 7051 3322
17 6220 5816 5716 7457 1745 6316 691 7794 9508 4125 3135 1498 7367 5805 3343 447 831
15 2949 3334 8868 5235 3066 1310 4784 4834 1889 2380 5608 1070 9877 8006 1987
14 297 8029 474 8933 6983 2715 6312 4798 4569 3552 236 6035 2133 296
12 4761 7205 7334 1513 693 6103 1606 9692 7165 9615 5485 1823
12 1512 582 4832 7501 537 4529 7425 8657 6447 4015 7310 1254
4 8088 2857 3684 7946
12 6875 2135 4698 1860 3266 3145 6274 727 5492 9271 7100 299
12 497 3833 3469 6562 9054 8121 8632 703 1362 8114 9773 307
6 6607 3877 872 509 1158 234
20 6069 1240 6123 2559 3816 1386 992 320 2589 5031 6813 6353 9844 4253 3634 9585 6696 4844 1526 757
17 9627 3869 8191 284 1215 146 3393 9543 1967 8510 3121 1650 4386 8317 4361 2059 2905
17 4379 7208 1984 5025 9474 8953 1523 5305 8440 6736 9113 882 1283 804 7642 4911 9781
17 4349 4794 2315 2523 353 7778 1237 4954 3764 7452 6428 4456 637 8305 6585 9791 2409
20 5887 1593 5433 7994 7174 7548 1729 1309 935 7999 8357 9337 2404 941 4791 4172 652 1483 9119 60
22 7640 659 5853 9696 4031 2105 8644 6529 4591 8601 2558 5801 4571 6267 614 6118 3658 8396 2286 1928 6417 2363
9 9897 9737 1480 2338 9804 7807 6223 174 9124
17 2166 761 2357 3817 5491 1944 8485 1081 9118 1891 9706 7711 3300 6432 6555 1290 1212
10 8239 9645 7666 9425 7498 7815 7854 8946 329 522
8 8719 8259 2379 9223 5355 7832 6895 954
9 6547 9274 8081 8233 1979 2582 8780 8526 3431
21 5245 5445 9926 6418 6048 1248 1220 3859 4953 7513 5913 7643 2565 7200 2317 2458 8320 7822 9389 8221 818
19 8464 4017 1079 2904 8075 8021 2261 5243 408 5005 8733 9096 7786 850 4447 9486 2219 5876 6490
16 1721 730 4537 9319 8831 477 4394 83 6389 1423 6945 6787 6396 8658 1894 8327
11 4112 9254 4153 4935 4011 4711 5126 9423 8515 2310 56
15 9289 1422 9845 2556 5954 9556 7543 5605 8049 8383 6658 3982 3227 78 1137
11 3445 852 457 7210 4370 1535 7497 5762 5570 3387 5499
14 6965 3534 3108 2198 3645 7273 3473 8689 6275 5385 5506 6943 4320 1080
14 1323 9619 2519 1725 7701 4274 2431 4539 3137 5793 2057 6501 289 5935
19 9735 1794 6202 3790 1884 1595 9641 1294 7633 8314 8645 8245 3499 6140 5767 6732 9438 1341 124
12 5402 6575 9867 9082 6974 1119 2826 4551 7806 2226 3098 4145
12 1995 9314 950 5601 8328 6729 1364 4006 2229 2019 6271 431
19 734 2480 7398 1910 175 374 4602 6021 5658 3776 6593 6370 3511 6915 6823 8240 2870 6731 973
14 4507 7357 6098 29 7630 8300 1842 2768 9933 2388 3003 4633 7068 9129
16 7891 5744 5323 3669 8876 4008 3672 5567 4423 5140 7890 7942 3013 9966 8619 242
13 4249 2710 4029 5092 2417 4371 3937 3056 2367 1847 5912 6637 82
17 5711 5948 1845 9452 4673 9684 2335 282 2153 5479 2104 3852 5217 1021 8165 5811 532
15 2512 3169 2036 7609 7245 4279 694 4198 2997 7947 2433 6779 2342 1760 1510
16 7934 206 6786 3904 8996 2967 2829 9809 4561 7971 1671 2572 5216 8846 3434 7152
19 210 4910 7956 5381 5628 9738 1589 2393 8063 8343 2345 2947 7387 3079 964 6588 6401 488 1938
9 1381 575 7488 4132 281 1152 3344 504 142
17 8290 8175 7191 5920 3770 2324 4825 4024 8450 3750 695 6429 4974 3486 6589 8863 6792
21 9852 726 4071 483 6367 6739 713 1660 9106 1709 7627 4746 567 5152 3831 6950 3529 6464 5095 6616 2210
17 376 2511 5766 554 9477 1685 1752 7341 5188 6102 6380 8906 577 861 4052 1225 1403
18 3055 6656 9820 8133 9563 8675 7114 8686 9473 846 15 9284 3493 4979 578 7775 2812 5257
14 5890 7915 2108 5366 2399 2777 7277 8937 7729 3598 4738 6207 3853 1375
14 921 4208 2020 2078 5971 1451 3116 3649 8223 9041 8142 5098 3287 7
19 3603 6831 2720 1349 6570 3104 8477 4664 8854 3783 744 4876 3136 5099 1821 968 679 6158 322
16 7070 7846 2571 3278 3623 2670 8889 536 5171 3823 829 386 834 5946 3273 3081
20 6340 9042 9680 9511 2240 66 1734 1980 7847 7197 7528 6385 5267 6826 243 8639 5956 3206 9676 1001
5 8149 8793 8693 2177 1059
15 9744 2278 5998 9165 8072 4209 2248 2921 946 7550 7099 8899 3964 3742 6154
12 8086 2706 9557 3418 4792 9133 9045 3225 1531 7978 9700 1084
17 6430 7097 8786 9219 4227 9187 1424 8493 4400 4827 2619 4465 2734 4905 7898 5395 170
17 8448 493 8040 3148 5771 4958 4068 5212 3424 7446 967 6680 1977 8092 8473 3327 5410
17 6133 8157 5285 8791 3993 5777 9191 7829 9392 1854 9021 9862 9189 9745 1056 630 1507
20 6825 799 5070 448 9023 3307 8817 9969 4871 2160 1727 717 7694 1811 9767 7781 1380 9432 270 20
14 8784 461 1601 2919 4772 3601 6042 2359 288 9502 3720 9301 5318 4157
11 6327 9974 2999 9707 1560 6639 1564 9631 6602 6583 101
13 908 3875 355 4667 8745 9801 3968 1666 5469 5897 1906 7974 2819
21 3572 5668 3544 3090 5087 1833 8023 7764 6566 272 6475 3788 7006 3639 2403 7664 5580 6876 4967 8538 9201
6 5282 610 2060 3435 5480 9050
25 5615 9137 9305 8382 4665 3966 4502 9733 8728 6013 1883 9546 5069 2952 8615 6832 1281 1668 8115 6938 6530 3766 2131 9531 971
13 2576 2313 4028 7650 4366 2232 9621 4262 8495 8206 1400 5978 1801
14 8803 5730 9179 2913 260 7222 6282 7695 3183 9051 7480 8249 4510 7437
17 7993 9100 8694 8979 4807 649 6426 4515 3233 1920 7551 1421 2678 4438 3932 3902 1452
13 6536 5405 7626 5291 8659 7562 1302 819 9440 8017 1427 4303 1691
17 6480 6186 7207 7135 4642 7614 3621 4045 1741 6442 7510 4625 426 5141 9145 6257 2032
5 3230 774 201 4991 6384
17 549 5858 9130 375 5287 4404 7066 5240 456 4512 8857 5420 2054 1144 6214 3911 2208
10 489 8085 8302 187 2907 6538 5444 2546 5776 391
9 4309 9325 8832 4228 4659 1376 4603 2030 2493
19 1105 7657 8310 166 7840 5662 9397 5054 5792 487 9077 2903 9863 2630 6954 8234 6958 2421 749
16 6044 7965 2432 4593 6119 7555 6125 4426 2247 9709 8231 9588 2161 259 3301 7597
10 7284 9934 6928 3075 9911 6653 7669 4977 2677 1293
16 9817 7686 1771 3772 9205 8760 5724 9053 6886 7495 7734 3661 2872 5625 257 9940
21 6922 975 4171 8708 896 4410 6877 342 1634 3462 3939 8583 668 6856 467 7324 5000 756 9552 9747 1207
19 4059 645 7612 4525 1227 3133 4656 93 6261 2348 8687 9368 2215 2266 6352 4780 5346 4904 7836
16 5295 4225 1228 4630 3384 6333 708 2000 4857 3494 3736 3166 1026 9580 8083 1540
11 9965 1702 728 7967 3748 9456 9919 4413 7218 8592 1788
23 9996 9559 2426 1097 4428 1090 2520 7129 9463 4376 1580 8915 4965 8291 6054 9363 9672 8604 5223 7345 1772 5119 1950
9 4475 1613 6663 4895 8968 4012 3923 7485 2494
10 1037 3657 9534 99 4508 7545 1036 9664 8704 1360
15 606 3009 6873 1756 7879 6609 5194 7047 4211 5681 555 2194 4626 9970 1898
17 6269 1674 5064 9712 4147 9779 5210 6734 1154 3345 2832 2849 1351 8999 7540 7382 418
12 2123 271 7360 5136 4849 2891 4381 985 559 6194 5435 2307
16 4648 5994 4109 1692 377 2132 3989 6563 8564 3805 3515 7240 9008 2855 9193 792
10 8667 2778 4748 9725 1904 3481 3882 1287 8322 8424
17 2171 2605 3205 35 8995 4617 7737 1603 2102 113 6347 2001 8058 2456 5142 8461 3302
14 9138 8378 4141 4245 1415 3251 1872 1746 4613 3900 351 1007 7863 1306
16 2436 6784 95 3530 7493 4119 9152 8437 7504 676 9375 1769 8982 1572 3535 3099
12 945 1639 7119 5008 524 3372 1463 6688 3676 1654 3408 1575
16 6901 3430 5440 200 7685 5387 3442 3629 9564 661 8346 2467 8573 4138 5621 939
16 6160 871 942 6473 6279 5457 9263 6413 1168 4710 2092 8525 540 8130 2689 455
16 9412 8945 5539 6356 1132 8821 2526 2256 4398 1069 6363 9797 8522 5302 7976 325
17 2026 8219 24 394 462 1500 2551 3475 5689 4443 9570 2156 2343 9741 6788 9048 3132
18 8489 7380 2651 1384 9495 7448 8774 6672 3222 2977 4639 5283 6791 9147 3040 6045 1139 144
15 1430 3208 100 2143 9341 9586 7085 4884 2033 6904 3678 115 2685 9076 6354
11 6424 6491 4387 8176 7156 8073 1387 1394 1042 2099 3376
19 4020 6484 2184 3394 3220 3181 6730 5584 8283 2793 7573 9275 4464 3165 3171 1826 441 7044 452
8 156 4666 1272 4002 9019 8958 3407 590
11 8028 9462 4121 7194 5372 9872 2381 3917 9358 2608 707
20 5049 3655 1102 3138 5234 8213 8309 8575 7150 9382 9288 7220 1996 4560 7271 8514 33 5328 362 5551
14 553 6058 1369 4940 1768 1921 9896 1651 8794 4668 1435 4212 2772 955
18 7399 6851 7249 7190 147 2893 7490 6128 2653 2236 905 3874 1401 4176 1895 9214 4926 710
16 8588 9819 169 9561 8412 2082 5306 4035 2684 6560 6554 2440 191 1397 3890 5587
18 2742 3773 9810 2382 7757 4942 7363 6980 7875 4505 6106 2101 4534 8286 6088 9056 2922 2038
22 3990 2356 4207 7710 1777 2869 7364 372 5808 5783 7580 9847 498 9159 116 356 1122 8764 5185 6979 416 9661
20 1313 1503 9347 3411 57 2217 7092 1222 7372 6896 8193 7793 4173 586 3060 14 5754 8389 8641 1574
16 9544 5654 6361 8529 8856 8367 2305 2738 4523 5340 2690 5898 9760 2011 246 1052
16 6647 5934 2930 8869 893 709 8173 7370 1781 3963 9524 4380 1292 2679 9638 1242
12 9920 2110 4654 9046 1518 2231 8873 5952 9853 4565 5281 1859
12 2788 9654 9313 3699 3537 6932 6376 9598 42 2237 5889 8044
13 1438 4437 4913 3323 5351 1436 2048 588 5648 8537 3906 3465 7624
22 1111 3129 4661 7442 3697 9127 5535 9752 3377 5829 5702 9300 1012 5880 8872 8936 8635 8598 3180 3140 9577 1288
21 3555 9691 9068 3364 3414 5012 599 2790 7287 161 6008 1045 5675 6758 789 4572 9446 4570 9898 3464 44
20 2316 3607 3849 1511 1441 5602 6237 245 7203 6503 8189 1502 7656 9366 8031 7027 5787 5342 983 3026
18 4644 7928 102 583 5359 2935 402 1431 5715 5016 1742 153 5357 7431 3844 6568 1128 794
12 2783 8767 7912 1783 7556 2052 647 7675 6666 6015 3447 5072
8 8546 1968 3584 7043 4384 943 2242 107
12 3540 6855 3027 8807 815 6754 5131 619 755 9220 8862 1653
18 4657 3245 41 3239 1221 7595 7366 4066 1453 9395 6824 3361 80 8565 9659 6481 8839 914
4 1625 9229 2288 8752
15 6404 677 8268 4819 5382 1474 5807 4340 9518 9997 7752 1514 1366 953 1929
16 1908 417 1346 3036 4788 6657 3925 3625 332 6692 2004 8655 4763 7427 51 869
17 8892 6409 4742 3675 3105 4677 6582 688 5559 8665 9352 6472 7841 1180 3250 4069 6487
13 8373 3740 2 2246 6581 3177 9085 6109 8270 5056 7184 1909 6991
18 3005 6164 4815 9757 1475 6393 5695 5901 1299 6927 8842 7272 7564 7782 7908 5980 5705 7753
14 4709 9947 5380 1831 9795 8938 1203 1885 1094 503 8809 9827 2785 1740
7 9044 2916 3996 9653 4808 3687 410
10 3398 8379 9464 6677 7929 8277 6463 9592 6978 746
11 585 4135 9652 8419 8027 5156 2517 469 651 8888 495
13 3778 3735 7267 1949 5158 9442 6820 7727 7299 6435 6217 5687 5883
8 1888 6805 419 3373 1232 8192 670 4723
13 2538 3751 5417 3231 7276 2834 1814 5475 6611 2550 4215 59 2322
17 2986 4973 519 8272 6966 4756 4546 3370 6848 3117 1776 3331 2066 2915 3926 5812 1343
9 565 9626 6642 1193 7684 3215 9635 7593 901
